2025-11-19 08:33:05,577 - main - INFO - 工作目录初始化完成: ./results_n20_v4
2025-11-19 08:33:05,577 - main - INFO - 主随机种子: 2255
2025-11-19 08:33:05,577 - main - INFO - 各模块随机种子初始化完成
2025-11-19 08:33:05,577 - main - INFO - === 开始生成基础图形 ===
2025-11-19 08:33:06,003 - main - INFO - 已生成基础图形样本 1/20（种子：2256）
2025-11-19 08:33:06,433 - main - INFO - 已生成基础图形样本 2/20（种子：2298）
2025-11-19 08:33:09,881 - main - INFO - 已生成基础图形样本 3/20（种子：2340）
2025-11-19 08:33:13,756 - main - INFO - 已生成基础图形样本 4/20（种子：2382）
2025-11-19 08:33:16,426 - main - INFO - 已生成基础图形样本 5/20（种子：2424）
2025-11-19 08:33:19,266 - main - INFO - 已生成基础图形样本 6/20（种子：2466）
2025-11-19 08:33:20,794 - main - INFO - 已生成基础图形样本 7/20（种子：2508）
2025-11-19 08:33:22,448 - main - INFO - 已生成基础图形样本 8/20（种子：2550）
2025-11-19 08:33:22,698 - main - INFO - 已生成基础图形样本 9/20（种子：2592）
2025-11-19 08:33:25,177 - main - INFO - 已生成基础图形样本 10/20（种子：2634）
2025-11-19 08:33:28,201 - main - INFO - 已生成基础图形样本 11/20（种子：2676）
2025-11-19 08:33:28,427 - main - INFO - 已生成基础图形样本 12/20（种子：2718）
2025-11-19 08:33:28,681 - main - INFO - 已生成基础图形样本 13/20（种子：2760）
2025-11-19 08:33:47,920 - main - INFO - 已生成基础图形样本 14/20（种子：2802）
2025-11-19 08:33:50,405 - main - INFO - 已生成基础图形样本 15/20（种子：2844）
2025-11-19 08:33:50,615 - main - INFO - 已生成基础图形样本 16/20（种子：2886）
2025-11-19 08:33:50,873 - main - INFO - 已生成基础图形样本 17/20（种子：2928）
2025-11-19 08:33:51,179 - main - INFO - 已生成基础图形样本 18/20（种子：2970）
2025-11-19 08:33:51,202 - main - INFO - 已生成基础图形样本 19/20（种子：3012）
2025-11-19 08:34:25,638 - main - INFO - 已生成基础图形样本 20/20（种子：3054）
2025-11-19 08:34:25,639 - main - INFO - 基础图形JSONL保存至: ./results_n20_v4/json/base/base_20251119_083305_577.jsonl
2025-11-19 08:34:25,639 - main - INFO - === 开始生成增强图形 ===
2025-11-19 08:34:25,643 - main - INFO - 处理基础图形 #1
2025-11-19 08:34:25,660 - builder - INFO - 增强结果2：执行第 1/1 轮操作
2025-11-19 08:34:25,660 - builder - WARNING - 操作超过最大重试次数，终止生成
2025-11-19 08:34:25,666 - builder - INFO - 增强结果3：执行第 1/1 轮操作
2025-11-19 08:34:25,666 - builder - WARNING - 操作超过最大重试次数，终止生成
2025-11-19 08:34:25,672 - builder - INFO - 增强结果4：执行第 1/1 轮操作
2025-11-19 08:34:25,672 - builder - WARNING - 操作超过最大重试次数，终止生成
2025-11-19 08:34:25,673 - builder - INFO - 生成 4 个独立增强图形（预期 4 个）
2025-11-19 08:34:25,674 - main - INFO - 处理基础图形 #2
2025-11-19 08:34:25,675 - builder - INFO - 增强结果2：执行第 1/1 轮操作
2025-11-19 08:34:25,809 - builder - INFO - 增强结果3：执行第 1/1 轮操作
2025-11-19 08:34:25,809 - builder - WARNING - 操作超过最大重试次数，终止生成
2025-11-19 08:34:25,809 - builder - INFO - 增强结果4：执行第 1/1 轮操作
2025-11-19 08:34:25,938 - builder - INFO - 生成 4 个独立增强图形（预期 4 个）
2025-11-19 08:34:25,940 - main - INFO - 处理基础图形 #3
2025-11-19 08:34:26,003 - builder - INFO - 增强结果2：执行第 1/1 轮操作
2025-11-19 08:34:26,072 - builder - INFO - 增强结果3：执行第 1/1 轮操作
2025-11-19 08:34:26,283 - builder - INFO - 增强结果4：执行第 1/1 轮操作
2025-11-19 08:34:26,920 - builder - INFO - 生成 4 个独立增强图形（预期 4 个）
2025-11-19 08:34:26,922 - main - INFO - 处理基础图形 #4
2025-11-19 08:34:27,301 - builder - INFO - 增强结果2：执行第 1/1 轮操作
2025-11-19 08:34:27,571 - builder - INFO - 增强结果3：执行第 1/1 轮操作
2025-11-19 08:34:27,733 - builder - INFO - 增强结果4：执行第 1/1 轮操作
2025-11-19 08:34:27,949 - builder - INFO - 生成 4 个独立增强图形（预期 4 个）
2025-11-19 08:34:27,953 - main - INFO - 处理基础图形 #5
2025-11-19 08:34:28,278 - builder - INFO - 增强结果2：执行第 1/1 轮操作
2025-11-19 08:34:28,907 - builder - INFO - 增强结果3：执行第 1/1 轮操作
2025-11-19 08:34:29,605 - builder - INFO - 增强结果4：执行第 1/1 轮操作
2025-11-19 08:34:29,651 - builder - INFO - 生成 4 个独立增强图形（预期 4 个）
2025-11-19 08:34:29,653 - main - INFO - 处理基础图形 #6
2025-11-19 08:34:29,953 - builder - INFO - 增强结果2：执行第 1/1 轮操作
2025-11-19 08:34:29,953 - builder - WARNING - 操作超过最大重试次数，终止生成
2025-11-19 08:34:30,040 - builder - INFO - 增强结果3：执行第 1/1 轮操作
2025-11-19 08:34:30,040 - builder - WARNING - 操作超过最大重试次数，终止生成
2025-11-19 08:34:30,127 - builder - INFO - 增强结果4：执行第 1/1 轮操作
2025-11-19 08:34:30,127 - builder - WARNING - 操作超过最大重试次数，终止生成
2025-11-19 08:34:30,128 - builder - INFO - 生成 4 个独立增强图形（预期 4 个）
2025-11-19 08:34:30,130 - main - INFO - 处理基础图形 #7
2025-11-19 08:34:30,266 - builder - INFO - 增强结果2：执行第 1/1 轮操作
2025-11-19 08:34:30,473 - builder - INFO - 增强结果3：执行第 1/1 轮操作
2025-11-19 08:34:30,556 - builder - INFO - 增强结果4：执行第 1/1 轮操作
2025-11-19 08:34:30,735 - builder - INFO - 生成 4 个独立增强图形（预期 4 个）
2025-11-19 08:34:30,738 - main - INFO - 处理基础图形 #8
2025-11-19 08:34:30,776 - builder - INFO - 增强结果2：执行第 1/1 轮操作
2025-11-19 08:34:30,776 - builder - WARNING - 操作超过最大重试次数，终止生成
2025-11-19 08:34:30,788 - builder - INFO - 增强结果3：执行第 1/1 轮操作
2025-11-19 08:34:30,788 - builder - WARNING - 操作超过最大重试次数，终止生成
2025-11-19 08:34:30,800 - builder - INFO - 增强结果4：执行第 1/1 轮操作
2025-11-19 08:34:30,800 - builder - WARNING - 操作超过最大重试次数，终止生成
2025-11-19 08:34:30,800 - builder - INFO - 生成 4 个独立增强图形（预期 4 个）
2025-11-19 08:34:30,801 - main - INFO - 处理基础图形 #9
2025-11-19 08:34:30,818 - builder - INFO - 增强结果2：执行第 1/1 轮操作
2025-11-19 08:34:30,818 - builder - WARNING - 操作超过最大重试次数，终止生成
2025-11-19 08:34:30,824 - builder - INFO - 增强结果3：执行第 1/1 轮操作
2025-11-19 08:34:30,903 - builder - INFO - 增强结果4：执行第 1/1 轮操作
2025-11-19 08:34:30,903 - builder - WARNING - 操作超过最大重试次数，终止生成
2025-11-19 08:34:30,904 - builder - INFO - 生成 4 个独立增强图形（预期 4 个）
2025-11-19 08:34:30,905 - main - INFO - 处理基础图形 #10
2025-11-19 08:34:30,927 - builder - INFO - 增强结果2：执行第 1/1 轮操作
2025-11-19 08:34:30,928 - builder - WARNING - 操作超过最大重试次数，终止生成
2025-11-19 08:34:30,935 - builder - INFO - 增强结果3：执行第 1/1 轮操作
2025-11-19 08:34:31,231 - builder - INFO - 增强结果4：执行第 1/1 轮操作
2025-11-19 08:34:31,231 - builder - WARNING - 操作超过最大重试次数，终止生成
2025-11-19 08:34:31,232 - builder - INFO - 生成 4 个独立增强图形（预期 4 个）
2025-11-19 08:34:31,233 - main - INFO - 处理基础图形 #11
2025-11-19 08:34:31,665 - builder - INFO - 增强结果2：执行第 1/1 轮操作
2025-11-19 08:34:32,201 - builder - INFO - 增强结果3：执行第 1/1 轮操作
2025-11-19 08:34:32,569 - builder - INFO - 增强结果4：执行第 1/1 轮操作
2025-11-19 08:34:32,883 - builder - INFO - 生成 4 个独立增强图形（预期 4 个）
2025-11-19 08:34:32,886 - main - INFO - 处理基础图形 #12
2025-11-19 08:34:32,894 - builder - WARNING - 增强结果2无可行操作，跳过
2025-11-19 08:34:32,897 - builder - WARNING - 增强结果3无可行操作，跳过
2025-11-19 08:34:32,900 - builder - WARNING - 增强结果4无可行操作，跳过
2025-11-19 08:34:32,900 - builder - INFO - 生成 1 个独立增强图形（预期 4 个）
2025-11-19 08:34:32,900 - main - INFO - 处理基础图形 #13
2025-11-19 08:34:32,954 - builder - INFO - 增强结果2：执行第 1/1 轮操作
2025-11-19 08:34:32,954 - builder - WARNING - 操作超过最大重试次数，终止生成
2025-11-19 08:34:32,973 - builder - INFO - 增强结果3：执行第 1/1 轮操作
2025-11-19 08:34:33,037 - builder - INFO - 增强结果4：执行第 1/1 轮操作
2025-11-19 08:34:33,196 - builder - INFO - 生成 4 个独立增强图形（预期 4 个）
2025-11-19 08:34:33,198 - main - INFO - 处理基础图形 #14
2025-11-19 08:34:36,729 - builder - INFO - 增强结果2：执行第 1/1 轮操作
2025-11-19 08:34:36,730 - builder - WARNING - 操作超过最大重试次数，终止生成
2025-11-19 08:34:37,819 - builder - INFO - 增强结果3：执行第 1/1 轮操作
2025-11-19 08:34:37,820 - builder - WARNING - 操作超过最大重试次数，终止生成
2025-11-19 08:34:38,938 - builder - INFO - 增强结果4：执行第 1/1 轮操作
2025-11-19 08:34:38,938 - builder - WARNING - 操作超过最大重试次数，终止生成
2025-11-19 08:34:38,938 - builder - INFO - 生成 4 个独立增强图形（预期 4 个）
2025-11-19 08:34:38,941 - main - INFO - 处理基础图形 #15
2025-11-19 08:34:38,942 - builder - INFO - 增强结果2：执行第 1/1 轮操作
2025-11-19 08:34:39,435 - builder - INFO - 增强结果3：执行第 1/1 轮操作
2025-11-19 08:34:39,435 - builder - WARNING - 操作超过最大重试次数，终止生成
2025-11-19 08:34:39,435 - builder - INFO - 增强结果4：执行第 1/1 轮操作
2025-11-19 08:34:40,291 - builder - INFO - 生成 4 个独立增强图形（预期 4 个）
2025-11-19 08:34:40,294 - main - INFO - 处理基础图形 #16
2025-11-19 08:34:40,325 - builder - INFO - 增强结果2：执行第 1/1 轮操作
2025-11-19 08:34:40,325 - builder - WARNING - 操作超过最大重试次数，终止生成
2025-11-19 08:34:40,336 - builder - INFO - 增强结果3：执行第 1/1 轮操作
2025-11-19 08:34:40,336 - builder - WARNING - 操作超过最大重试次数，终止生成
2025-11-19 08:34:40,347 - builder - INFO - 增强结果4：执行第 1/1 轮操作
2025-11-19 08:34:40,347 - builder - WARNING - 操作超过最大重试次数，终止生成
2025-11-19 08:34:40,347 - builder - INFO - 生成 4 个独立增强图形（预期 4 个）
2025-11-19 08:34:40,348 - main - INFO - 处理基础图形 #17
2025-11-19 08:34:40,402 - builder - INFO - 增强结果2：执行第 1/1 轮操作
2025-11-19 08:34:40,402 - builder - WARNING - 操作超过最大重试次数，终止生成
2025-11-19 08:34:40,420 - builder - INFO - 增强结果3：执行第 1/1 轮操作
2025-11-19 08:34:40,506 - builder - INFO - 增强结果4：执行第 1/1 轮操作
2025-11-19 08:34:40,583 - builder - INFO - 生成 4 个独立增强图形（预期 4 个）
2025-11-19 08:34:40,584 - main - INFO - 处理基础图形 #18
2025-11-19 08:34:40,640 - builder - INFO - 增强结果2：执行第 1/1 轮操作
2025-11-19 08:34:40,640 - builder - WARNING - 操作超过最大重试次数，终止生成
2025-11-19 08:34:40,659 - builder - INFO - 增强结果3：执行第 1/1 轮操作
2025-11-19 08:34:40,659 - builder - WARNING - 操作超过最大重试次数，终止生成
2025-11-19 08:34:40,678 - builder - INFO - 增强结果4：执行第 1/1 轮操作
2025-11-19 08:34:40,678 - builder - WARNING - 操作超过最大重试次数，终止生成
2025-11-19 08:34:40,678 - builder - INFO - 生成 4 个独立增强图形（预期 4 个）
2025-11-19 08:34:40,680 - main - INFO - 处理基础图形 #19
2025-11-19 08:34:40,683 - builder - WARNING - 增强结果2无可行操作，跳过
2025-11-19 08:34:40,684 - builder - WARNING - 增强结果3无可行操作，跳过
2025-11-19 08:34:40,685 - builder - WARNING - 增强结果4无可行操作，跳过
2025-11-19 08:34:40,685 - builder - INFO - 生成 1 个独立增强图形（预期 4 个）
2025-11-19 08:34:40,686 - main - INFO - 处理基础图形 #20
2025-11-19 08:34:42,933 - builder - INFO - 增强结果2：执行第 1/1 轮操作
2025-11-19 08:34:48,935 - builder - INFO - 增强结果3：执行第 1/1 轮操作
2025-11-19 08:34:54,254 - builder - INFO - 增强结果4：执行第 1/1 轮操作
2025-11-19 08:35:08,654 - builder - INFO - 生成 4 个独立增强图形（预期 4 个）
2025-11-19 08:35:08,659 - main - INFO - 增强图形JSONL保存至: ./results_n20_v4/json/enhanced/enhanced_20251119_083425_639.jsonl（共74个）
2025-11-19 08:35:08,672 - shader - INFO - 加载 74 条enhanced数据
2025-11-19 08:35:08,672 - shader - INFO - 已设置 74 条增强JSON数据
2025-11-19 08:35:08,672 - shader - INFO - === 开始处理图像 ===
2025-11-19 08:35:10,725 - shader - INFO - 成功标注第0张图像，原始版本
2025-11-19 08:35:10,891 - shader - INFO - 成功标注第1张图像，原始版本
2025-11-19 08:35:11,058 - shader - INFO - 成功标注第2张图像，原始版本
2025-11-19 08:35:11,222 - shader - INFO - 成功标注第3张图像，原始版本
2025-11-19 08:35:11,462 - shader - INFO - 成功标注第4张图像，原始版本
2025-11-19 08:35:11,701 - shader - INFO - 成功标注第5张图像，原始版本
2025-11-19 08:35:11,919 - shader - INFO - 成功标注第6张图像，原始版本
2025-11-19 08:35:12,157 - shader - INFO - 成功标注第7张图像，原始版本
2025-11-19 08:35:12,384 - shader - INFO - 成功标注第8张图像，原始版本
2025-11-19 08:35:12,665 - shader - INFO - 成功标注第9张图像，原始版本
2025-11-19 08:35:12,892 - shader - INFO - 成功标注第10张图像，原始版本
2025-11-19 08:35:13,139 - shader - INFO - 成功标注第11张图像，原始版本
2025-11-19 08:35:13,426 - shader - INFO - 成功标注第12张图像，原始版本
2025-11-19 08:35:13,713 - shader - INFO - 成功标注第13张图像，原始版本
2025-11-19 08:35:14,001 - shader - INFO - 成功标注第14张图像，原始版本
2025-11-19 08:35:14,297 - shader - INFO - 成功标注第15张图像，原始版本
2025-11-19 08:35:14,497 - shader - INFO - 成功标注第16张图像，原始版本
2025-11-19 08:35:14,735 - shader - INFO - 成功标注第17张图像，原始版本
2025-11-19 08:35:14,968 - shader - INFO - 成功标注第18张图像，原始版本
2025-11-19 08:35:15,162 - shader - INFO - 成功标注第19张图像，原始版本
2025-11-19 08:35:15,360 - shader - INFO - 成功标注第20张图像，原始版本
2025-11-19 08:35:15,550 - shader - INFO - 成功标注第21张图像，原始版本
2025-11-19 08:35:15,734 - shader - INFO - 成功标注第22张图像，原始版本
2025-11-19 08:35:15,921 - shader - INFO - 成功标注第23张图像，原始版本
2025-11-19 08:35:16,118 - shader - INFO - 成功标注第24张图像，原始版本
2025-11-19 08:35:16,341 - shader - INFO - 成功标注第25张图像，原始版本
2025-11-19 08:35:16,543 - shader - INFO - 成功标注第26张图像，原始版本
2025-11-19 08:35:16,751 - shader - INFO - 成功标注第27张图像，原始版本
2025-11-19 08:35:16,899 - shader - INFO - 成功标注第28张图像，原始版本
2025-11-19 08:35:17,067 - shader - INFO - 成功标注第29张图像，原始版本
2025-11-19 08:35:17,237 - shader - INFO - 成功标注第30张图像，原始版本
2025-11-19 08:35:17,404 - shader - INFO - 成功标注第31张图像，原始版本
2025-11-19 08:35:17,557 - shader - INFO - 成功标注第32张图像，原始版本
2025-11-19 08:35:17,709 - shader - INFO - 成功标注第33张图像，原始版本
2025-11-19 08:35:17,913 - shader - INFO - 成功标注第34张图像，原始版本
2025-11-19 08:35:18,067 - shader - INFO - 成功标注第35张图像，原始版本
2025-11-19 08:35:18,224 - shader - INFO - 成功标注第36张图像，原始版本
2025-11-19 08:35:18,381 - shader - INFO - 成功标注第37张图像，原始版本
2025-11-19 08:35:18,576 - shader - INFO - 成功标注第38张图像，原始版本
2025-11-19 08:35:18,732 - shader - INFO - 成功标注第39张图像，原始版本
2025-11-19 08:35:18,977 - shader - INFO - 成功标注第40张图像，原始版本
2025-11-19 08:35:19,249 - shader - INFO - 成功标注第41张图像，原始版本
2025-11-19 08:35:19,518 - shader - INFO - 成功标注第42张图像，原始版本
2025-11-19 08:35:19,789 - shader - INFO - 成功标注第43张图像，原始版本
2025-11-19 08:35:19,909 - shader - INFO - 成功标注第44张图像，原始版本
2025-11-19 08:35:20,092 - shader - INFO - 成功标注第45张图像，原始版本
2025-11-19 08:35:20,272 - shader - INFO - 成功标注第46张图像，原始版本
2025-11-19 08:35:20,454 - shader - INFO - 成功标注第47张图像，原始版本
2025-11-19 08:35:20,698 - shader - INFO - 成功标注第48张图像，原始版本
2025-11-19 08:35:20,898 - shader - INFO - 成功标注第49张图像，原始版本
2025-11-19 08:35:21,055 - shader - INFO - 成功标注第50张图像，原始版本
2025-11-19 08:35:21,210 - shader - INFO - 成功标注第51张图像，原始版本
2025-11-19 08:35:21,365 - shader - INFO - 成功标注第52张图像，原始版本
2025-11-19 08:35:21,513 - shader - INFO - 成功标注第53张图像，原始版本
2025-11-19 08:35:21,678 - shader - INFO - 成功标注第54张图像，原始版本
2025-11-19 08:35:21,824 - shader - INFO - 成功标注第55张图像，原始版本
2025-11-19 08:35:21,999 - shader - INFO - 成功标注第56张图像，原始版本
2025-11-19 08:35:22,161 - shader - INFO - 成功标注第57张图像，原始版本
2025-11-19 08:35:22,323 - shader - INFO - 成功标注第58张图像，原始版本
2025-11-19 08:35:22,479 - shader - INFO - 成功标注第59张图像，原始版本
2025-11-19 08:35:22,634 - shader - INFO - 成功标注第60张图像，原始版本
2025-11-19 08:35:22,800 - shader - INFO - 成功标注第61张图像，原始版本
2025-11-19 08:35:22,966 - shader - INFO - 成功标注第62张图像，原始版本
2025-11-19 08:35:23,150 - shader - INFO - 成功标注第63张图像，原始版本
2025-11-19 08:35:23,321 - shader - INFO - 成功标注第64张图像，原始版本
2025-11-19 08:35:23,506 - shader - INFO - 成功标注第65张图像，原始版本
2025-11-19 08:35:23,702 - shader - INFO - 成功标注第66张图像，原始版本
2025-11-19 08:35:23,886 - shader - INFO - 成功标注第67张图像，原始版本
2025-11-19 08:35:24,069 - shader - INFO - 成功标注第68张图像，原始版本
2025-11-19 08:35:24,133 - shader - INFO - 成功标注第69张图像，原始版本
2025-11-19 08:35:24,320 - shader - INFO - 成功标注第70张图像，原始版本
2025-11-19 08:35:24,528 - shader - INFO - 成功标注第71张图像，原始版本
2025-11-19 08:35:24,741 - shader - INFO - 成功标注第72张图像，原始版本
2025-11-19 08:35:24,987 - shader - INFO - 成功标注第73张图像，原始版本
2025-11-19 08:35:25,005 - shader - INFO - 所有处理结果已保存至：./results_n20_v4/json/shaded/shaded_20251119_083508_660.jsonl
2025-11-19 08:35:25,006 - main - INFO - === 处理完成 ===
- 结果JSONL路径：./results_n20_v4/json/shaded/shaded_20251119_083508_660.jsonl
2025-11-19 08:35:25,007 - main - INFO - === 开始计算几何参数（符号表达式化简） ===
2025-11-19 08:35:25,251 - gt - INFO - 已处理 10 条数据
2025-11-19 08:35:25,975 - gt - INFO - 已处理 20 条数据
2025-11-19 08:35:26,458 - gt - INFO - 已处理 30 条数据
2025-11-19 08:35:26,619 - gt - INFO - 已处理 40 条数据
2025-11-19 08:35:27,182 - gt - ERROR - 第 50 行 表达式过于复杂（线条终点(E)的y坐标，长度=235）：{"expr":"sqrt(7)*(1/tan(0.0833333333333333*pi)+1/t...，跳过
2025-11-19 08:35:27,259 - gt - ERROR - 第 51 行 表达式过于复杂（线条终点(E)的y坐标，长度=235）：{"expr":"sqrt(7)*(1/tan(0.0833333333333333*pi)+1/t...，跳过
2025-11-19 08:35:27,337 - gt - ERROR - 第 52 行 表达式过于复杂（线条终点(E)的y坐标，长度=235）：{"expr":"sqrt(7)*(1/tan(0.0833333333333333*pi)+1/t...，跳过
2025-11-19 08:35:27,415 - gt - ERROR - 第 53 行 表达式过于复杂（线条终点(E)的y坐标，长度=235）：{"expr":"sqrt(7)*(1/tan(0.0833333333333333*pi)+1/t...，跳过
2025-11-19 08:35:28,012 - gt - INFO - 已处理 60 条数据
2025-11-19 08:35:28,170 - gt - INFO - 已处理 70 条数据
2025-11-19 08:35:29,190 - gt - ERROR - 第 72 行 表达式过于复杂（线条终点(F0)的y坐标，长度=255）：{"expr":"-6*sqrt(6)/sqrt(5-sqrt(5))+648*sqrt(6)*(5...，跳过
2025-11-19 08:35:29,566 - gt - ERROR - 第 73 行 表达式过于复杂（线条终点(F0)的x坐标，长度=714）：{"expr":"3*sqrt(2)*(-1+sqrt(5))/(2*sqrt(5-sqrt(5))...，跳过
2025-11-19 08:35:29,962 - gt - INFO - 处理完成，结果保存至: ./results_n20_v4/json/final/shaded_with_gt_20251119_083508_660.jsonl
2025-11-19 08:35:29,972 - main - INFO - 几何参数计算完成，结果保存至: ./results_n20_v4/json/final/shaded_with_gt_20251119_083508_660.jsonl
2025-11-19 08:35:29,972 - main - INFO - 共处理 68 条数据，每条数据已添加线条/圆弧长度信息
2025-11-19 08:35:29,973 - main - INFO - 使用GT结果文件: ./results_n20_v4/json/final/shaded_with_gt_20251119_083508_660.jsonl
2025-11-19 08:35:29,973 - main - INFO - === 开始生成问答数据 ===
2025-11-19 08:35:29,973 - main - INFO - QA配置参数: {
  "question_types": [
    "length",
    "angle"
  ],
  "type_weights": {
    "length": 0.7,
    "angle": 0.3
  },
  "num_questions_per_group": 3,
  "output_dir": "./results_n20_v4/json/qa",
  "seed": 2259
}
2025-11-19 08:35:34,125 - main - INFO - 已处理 10 条几何数据，累计生成 30 个问答对
2025-11-19 08:35:36,719 - main - INFO - 已处理 20 条几何数据，累计生成 60 个问答对
2025-11-19 08:35:40,821 - main - INFO - 已处理 30 条几何数据，累计生成 90 个问答对
2025-11-19 08:35:42,050 - main - INFO - 已处理 40 条几何数据，累计生成 119 个问答对
2025-11-19 08:35:45,449 - main - INFO - 已处理 50 条几何数据，累计生成 147 个问答对
2025-11-19 08:35:48,740 - main - INFO - 已处理 60 条几何数据，累计生成 177 个问答对
2025-11-19 08:36:03,000 - main - INFO - === 问答生成完成 ===
2025-11-19 08:36:03,001 - main - INFO - 有效处理几何数据: 68 条
2025-11-19 08:36:03,001 - main - INFO - 生成问答对总数: 198 个
2025-11-19 08:36:03,001 - main - INFO - 问答结果保存至: ./results_n20_v4/json/qa/qa_shaded_with_gt_20251119_083508_660.jsonl
2025-11-19 08:36:03,001 - main - INFO - === 全流程执行完成 ===
2025-11-19 08:38:17,861 - main - INFO - 工作目录初始化完成: ./results_n20_v4
2025-11-19 08:38:17,862 - main - INFO - 主随机种子: 1118
2025-11-19 08:38:17,862 - main - INFO - 各模块随机种子初始化完成
2025-11-19 08:38:17,862 - main - INFO - === 开始生成基础图形 ===
2025-11-19 08:38:54,660 - main - INFO - 已生成基础图形样本 1/40（种子：1119）
2025-11-19 08:38:54,959 - main - INFO - 已生成基础图形样本 2/40（种子：1161）
2025-11-19 08:38:55,398 - main - INFO - 已生成基础图形样本 3/40（种子：1203）
2025-11-19 08:39:05,937 - main - INFO - 已生成基础图形样本 4/40（种子：1245）
2025-11-19 08:39:07,889 - main - INFO - 已生成基础图形样本 5/40（种子：1287）
2025-11-19 08:39:51,302 - main - INFO - 已生成基础图形样本 6/40（种子：1329）
2025-11-19 08:39:51,705 - main - INFO - 已生成基础图形样本 7/40（种子：1371）
2025-11-19 08:39:54,743 - main - INFO - 已生成基础图形样本 8/40（种子：1413）
2025-11-19 08:39:55,174 - main - INFO - 已生成基础图形样本 9/40（种子：1455）
2025-11-19 08:43:28,919 - main - INFO - 已生成基础图形样本 10/40（种子：1497）
2025-11-19 08:45:01,991 - main - INFO - 已生成基础图形样本 11/40（种子：1539）
2025-11-19 08:45:02,362 - main - INFO - 已生成基础图形样本 12/40（种子：1581）
2025-11-19 08:45:02,973 - main - INFO - 已生成基础图形样本 13/40（种子：1623）
2025-11-19 08:45:14,018 - main - INFO - 已生成基础图形样本 14/40（种子：1665）
2025-11-19 08:45:14,799 - main - INFO - 已生成基础图形样本 15/40（种子：1707）
2025-11-19 08:45:20,210 - main - INFO - 已生成基础图形样本 16/40（种子：1749）
2025-11-19 08:45:20,390 - main - INFO - 已生成基础图形样本 17/40（种子：1791）
2025-11-19 08:45:20,938 - main - INFO - 已生成基础图形样本 18/40（种子：1833）
2025-11-19 08:45:25,186 - main - INFO - 已生成基础图形样本 19/40（种子：1875）
2025-11-19 08:45:25,367 - main - INFO - 已生成基础图形样本 20/40（种子：1917）
2025-11-19 08:45:25,573 - main - INFO - 已生成基础图形样本 21/40（种子：1959）
2025-11-19 08:45:25,783 - main - INFO - 已生成基础图形样本 22/40（种子：2001）
2025-11-19 08:45:32,198 - main - INFO - 已生成基础图形样本 23/40（种子：2043）
2025-11-19 08:45:34,207 - main - INFO - 已生成基础图形样本 24/40（种子：2085）
2025-11-19 08:46:47,587 - main - INFO - 已生成基础图形样本 25/40（种子：2127）
2025-11-19 08:48:44,790 - main - INFO - 已生成基础图形样本 26/40（种子：2169）
2025-11-19 08:48:45,340 - main - INFO - 已生成基础图形样本 27/40（种子：2211）
2025-11-19 08:48:46,435 - main - INFO - 已生成基础图形样本 28/40（种子：2253）
2025-11-19 08:48:47,462 - main - INFO - 已生成基础图形样本 29/40（种子：2295）
2025-11-19 08:48:47,847 - main - INFO - 已生成基础图形样本 30/40（种子：2337）
2025-11-19 08:48:47,919 - main - INFO - 已生成基础图形样本 31/40（种子：2379）
2025-11-19 08:48:53,485 - main - INFO - 已生成基础图形样本 32/40（种子：2421）
2025-11-19 08:48:58,754 - main - INFO - 已生成基础图形样本 33/40（种子：2463）
2025-11-19 08:48:58,987 - main - INFO - 已生成基础图形样本 34/40（种子：2505）
2025-11-19 08:48:59,450 - main - INFO - 已生成基础图形样本 35/40（种子：2547）
2025-11-19 08:49:26,388 - main - INFO - 已生成基础图形样本 36/40（种子：2589）
2025-11-19 08:49:26,741 - main - INFO - 已生成基础图形样本 37/40（种子：2631）
2025-11-19 08:49:27,373 - main - INFO - 已生成基础图形样本 38/40（种子：2673）
2025-11-19 08:49:27,522 - main - INFO - 已生成基础图形样本 39/40（种子：2715）
2025-11-19 08:49:28,900 - main - INFO - 已生成基础图形样本 40/40（种子：2757）
2025-11-19 08:49:28,901 - main - INFO - 基础图形JSONL保存至: ./results_n20_v4/json/base/base_20251119_083817_862.jsonl
2025-11-19 08:49:28,901 - main - INFO - === 开始生成增强图形 ===
2025-11-19 08:49:28,905 - main - INFO - 处理基础图形 #1
2025-11-19 08:49:31,561 - builder - INFO - 增强结果2：执行第 1/1 轮操作
2025-11-19 08:49:33,632 - builder - INFO - 增强结果3：执行第 1/1 轮操作
2025-11-19 08:49:37,828 - builder - INFO - 增强结果4：执行第 1/1 轮操作
2025-11-19 08:49:40,873 - builder - INFO - 生成 4 个独立增强图形（预期 4 个）
2025-11-19 08:49:40,876 - main - INFO - 处理基础图形 #2
2025-11-19 08:49:40,893 - builder - INFO - 增强结果2：执行第 1/1 轮操作
2025-11-19 08:49:40,893 - builder - WARNING - 操作超过最大重试次数，终止生成
2025-11-19 08:49:40,899 - builder - INFO - 增强结果3：执行第 1/1 轮操作
2025-11-19 08:49:40,899 - builder - WARNING - 操作超过最大重试次数，终止生成
2025-11-19 08:49:40,905 - builder - INFO - 增强结果4：执行第 1/1 轮操作
2025-11-19 08:49:40,905 - builder - WARNING - 操作超过最大重试次数，终止生成
2025-11-19 08:49:40,905 - builder - INFO - 生成 4 个独立增强图形（预期 4 个）
2025-11-19 08:49:40,907 - main - INFO - 处理基础图形 #3
2025-11-19 08:49:40,954 - builder - INFO - 增强结果2：执行第 1/1 轮操作
2025-11-19 08:49:40,955 - builder - WARNING - 操作超过最大重试次数，终止生成
2025-11-19 08:49:40,970 - builder - INFO - 增强结果3：执行第 1/1 轮操作
2025-11-19 08:49:40,970 - builder - WARNING - 操作超过最大重试次数，终止生成
2025-11-19 08:49:40,986 - builder - INFO - 增强结果4：执行第 1/1 轮操作
2025-11-19 08:49:40,986 - builder - WARNING - 操作超过最大重试次数，终止生成
2025-11-19 08:49:40,986 - builder - INFO - 生成 4 个独立增强图形（预期 4 个）
2025-11-19 08:49:40,988 - main - INFO - 处理基础图形 #4
2025-11-19 08:49:45,229 - builder - INFO - 增强结果2：执行第 1/1 轮操作
2025-11-19 08:49:50,583 - builder - INFO - 增强结果3：执行第 1/1 轮操作
2025-11-19 08:49:50,584 - builder - WARNING - 操作超过最大重试次数，终止生成
2025-11-19 08:49:51,877 - builder - INFO - 增强结果4：执行第 1/1 轮操作
2025-11-19 08:49:53,304 - builder - INFO - 生成 4 个独立增强图形（预期 4 个）
2025-11-19 08:49:53,307 - main - INFO - 处理基础图形 #5
2025-11-19 08:49:53,308 - builder - INFO - 增强结果2：执行第 1/1 轮操作
2025-11-19 08:49:53,308 - builder - WARNING - 操作超过最大重试次数，终止生成
2025-11-19 08:49:53,308 - builder - INFO - 增强结果3：执行第 1/1 轮操作
2025-11-19 08:49:53,308 - builder - WARNING - 操作超过最大重试次数，终止生成
2025-11-19 08:49:53,308 - builder - INFO - 增强结果4：执行第 1/1 轮操作
2025-11-19 08:49:53,309 - builder - WARNING - 操作超过最大重试次数，终止生成
2025-11-19 08:49:53,309 - builder - INFO - 生成 4 个独立增强图形（预期 4 个）
2025-11-19 08:49:53,310 - main - INFO - 处理基础图形 #6
2025-11-19 08:49:58,779 - builder - INFO - 增强结果2：执行第 1/1 轮操作
2025-11-19 08:50:19,297 - builder - INFO - 增强结果3：执行第 1/1 轮操作
2025-11-19 08:50:19,298 - builder - WARNING - 操作超过最大重试次数，终止生成
2025-11-19 08:50:21,012 - builder - INFO - 增强结果4：执行第 1/1 轮操作
2025-11-19 08:50:46,028 - main - ERROR - 处理基础图形 #6 失败: cannot determine truth value of Relational，跳过
2025-11-19 08:50:46,042 - main - ERROR - 错误堆栈：
Traceback (most recent call last):
  File "/mnt/afs/jingjinhao/project/GeoChain/MathGeo/scripts/main.py", line 168, in run_builder
    enhancements = base_builder.generate_enhancements({
  File "/mnt/afs/jingjinhao/project/GeoChain/MathGeo/scripts/tools/builder.py", line 1197, in generate_enhancements
    all_results = self.run_rounds(run_config)
  File "/mnt/afs/jingjinhao/project/GeoChain/MathGeo/scripts/tools/builder.py", line 1309, in run_rounds
    op_result = self.execute_operation(op)
  File "/mnt/afs/jingjinhao/project/GeoChain/MathGeo/scripts/tools/builder.py", line 1023, in execute_operation
    new_ips = self.detect_new_intersections(line_id)
  File "/mnt/afs/jingjinhao/project/GeoChain/MathGeo/scripts/tools/builder.py", line 825, in detect_new_intersections
    if (Max(x1, x2) < new_min_x) or (Min(x1, x2) > new_max_x) or \
  File "/mnt/afs2/jingjinhao/miniconda3/envs/dev/lib/python3.8/site-packages/sympy/core/relational.py", line 516, in __bool__
    raise TypeError("cannot determine truth value of Relational")
TypeError: cannot determine truth value of Relational

2025-11-19 08:50:46,043 - main - INFO - 处理基础图形 #7
2025-11-19 08:50:46,090 - builder - INFO - 增强结果2：执行第 1/1 轮操作
2025-11-19 08:50:46,304 - builder - INFO - 增强结果3：执行第 1/1 轮操作
2025-11-19 08:50:46,304 - builder - WARNING - 操作超过最大重试次数，终止生成
2025-11-19 08:50:46,320 - builder - INFO - 增强结果4：执行第 1/1 轮操作
2025-11-19 08:50:46,320 - builder - WARNING - 操作超过最大重试次数，终止生成
2025-11-19 08:50:46,320 - builder - INFO - 生成 4 个独立增强图形（预期 4 个）
2025-11-19 08:50:46,322 - main - INFO - 处理基础图形 #8
2025-11-19 08:50:47,271 - builder - INFO - 增强结果2：执行第 1/1 轮操作
2025-11-19 08:50:48,237 - builder - INFO - 增强结果3：执行第 1/1 轮操作
2025-11-19 08:50:48,237 - builder - WARNING - 操作超过最大重试次数，终止生成
2025-11-19 08:50:48,535 - builder - INFO - 增强结果4：执行第 1/1 轮操作
2025-11-19 08:50:49,067 - builder - INFO - 生成 4 个独立增强图形（预期 4 个）
2025-11-19 08:50:49,069 - main - INFO - 处理基础图形 #9
2025-11-19 08:50:49,070 - builder - INFO - 增强结果2：执行第 1/1 轮操作
2025-11-19 08:50:49,320 - builder - INFO - 增强结果3：执行第 1/1 轮操作
2025-11-19 08:50:49,320 - builder - WARNING - 操作超过最大重试次数，终止生成
2025-11-19 08:50:49,320 - builder - INFO - 增强结果4：执行第 1/1 轮操作
2025-11-19 08:50:49,320 - builder - WARNING - 操作超过最大重试次数，终止生成
2025-11-19 08:50:49,321 - builder - INFO - 生成 4 个独立增强图形（预期 4 个）
2025-11-19 08:50:49,322 - main - INFO - 处理基础图形 #10
2025-11-19 08:50:56,289 - builder - INFO - 增强结果2：执行第 1/1 轮操作
2025-11-19 08:51:30,191 - builder - INFO - 增强结果3：执行第 1/1 轮操作
2025-11-19 12:50:28,457 - main - INFO - 工作目录初始化完成: ./results_n20_v4
2025-11-19 12:50:28,457 - main - INFO - 主随机种子: 2391
2025-11-19 12:50:28,457 - main - INFO - 各模块随机种子初始化完成
2025-11-19 12:50:28,458 - main - INFO - === 开始生成基础图形 ===
2025-11-19 12:50:32,624 - main - INFO - 已生成基础图形样本 1/40（种子：2392）
2025-11-19 12:50:33,942 - main - INFO - 已生成基础图形样本 2/40（种子：2434）
2025-11-19 12:50:34,362 - main - INFO - 已生成基础图形样本 3/40（种子：2476）
2025-11-19 12:55:57,267 - main - INFO - 工作目录初始化完成: ./results_n20_v4
2025-11-19 12:55:57,267 - main - INFO - 主随机种子: 2391
2025-11-19 12:55:57,267 - main - INFO - 各模块随机种子初始化完成
2025-11-19 12:55:57,267 - main - INFO - === 开始生成基础图形 ===
2025-11-19 12:56:01,356 - main - INFO - 已生成基础图形样本 1/40（种子：2392）
2025-11-19 12:56:02,655 - main - INFO - 已生成基础图形样本 2/40（种子：2434）
2025-11-19 12:56:03,072 - main - INFO - 已生成基础图形样本 3/40（种子：2476）
